\BOOKMARK [1][-]{section.1}{Classes : application catalogue de trajets}{}% 1
\BOOKMARK [2][-]{subsection.1.1}{Diagramme de classes}{section.1}% 2
\BOOKMARK [2][-]{subsection.1.2}{Explication}{section.1}% 3
\BOOKMARK [3][-]{subsubsection.1.2.1}{ListeChaineeTrajets}{subsection.1.2}% 4
\BOOKMARK [3][-]{subsubsection.1.2.2}{MaillonListeChaineeTrajets}{subsection.1.2}% 5
\BOOKMARK [3][-]{subsubsection.1.2.3}{Trajet}{subsection.1.2}% 6
\BOOKMARK [3][-]{subsubsection.1.2.4}{TrajetSimple}{subsection.1.2}% 7
\BOOKMARK [3][-]{subsubsection.1.2.5}{TrajetCompose}{subsection.1.2}% 8
\BOOKMARK [3][-]{subsubsection.1.2.6}{Catalogue}{subsection.1.2}% 9
\BOOKMARK [3][-]{subsubsection.1.2.7}{StringHelper}{subsection.1.2}% 10
\BOOKMARK [2][-]{subsection.1.3}{\311tat de la m\351moire sur un jeu de donn\351es}{section.1}% 11
\BOOKMARK [1][-]{section.2}{Algorithme de recherche de trajets}{}% 12
\BOOKMARK [1][-]{section.3}{Conclusion}{}% 13
\BOOKMARK [2][-]{subsection.3.1}{Complexit\351 temporelle de l'algorithme de recherche complexe}{section.3}% 14
\BOOKMARK [3][-]{subsubsection.3.1.1}{Meilleur des cas}{subsection.3.1}% 15
\BOOKMARK [3][-]{subsubsection.3.1.2}{Pire des cas}{subsection.3.1}% 16
\BOOKMARK [3][-]{subsubsection.3.1.3}{Cas moyen}{subsection.3.1}% 17
\BOOKMARK [2][-]{subsection.3.2}{Normalisation}{section.3}% 18
\BOOKMARK [2][-]{subsection.3.3}{Passage \340 l'\351chelle}{section.3}% 19
\BOOKMARK [2][-]{subsection.3.4}{Tests unitaires}{section.3}% 20
